<?xml version="1.0" encoding="UTF-8"?>
<testng-results skipped="0" failed="0" ignored="0" total="3" passed="3">
  <reporter-output>
    <line>
      <![CDATA[Expedia website opened]]>
    </line>
    <line>
      <![CDATA[Entered flying from]]>
    </line>
    <line>
      <![CDATA[Expedia website opened]]>
    </line>
    <line>
      <![CDATA[Entered flying from]]>
    </line>
    <line>
      <![CDATA[Expedia website opened]]>
    </line>
    <line>
      <![CDATA[Entered flying from]]>
    </line>
  </reporter-output>
  <suite name="Maven TestSuite" duration-ms="170856" started-at="2019-01-11T00:07:50Z" finished-at="2019-01-11T00:10:41Z">
    <groups>
    </groups>
    <test name="Application Test 1" duration-ms="170856" started-at="2019-01-11T00:07:50Z" finished-at="2019-01-11T00:10:41Z">
      <class name="com.expedia.expediaflightssearch.ExpediaSrchPageTestng">
        <test-method status="PASS" signature="setUp(java.lang.String, java.lang.String)[pri:0, instance:com.expedia.expediaflightssearch.ExpediaSrchPageTestng@1706f19]" name="setUp" is-config="true" duration-ms="10418" started-at="2019-01-11T00:07:50Z" finished-at="2019-01-11T00:08:00Z">
          <params>
            <param index="0">
              <value>
                <![CDATA[chrome]]>
              </value>
            </param>
            <param index="1">
              <value>
                <![CDATA[windows]]>
              </value>
            </param>
          </params>
          <reporter-output>
          </reporter-output>
        </test-method> <!-- setUp -->
        <test-method status="PASS" signature="test(java.lang.String, java.lang.String, java.lang.String, java.lang.String)[pri:0, instance:com.expedia.expediaflightssearch.ExpediaSrchPageTestng@1706f19]" name="test" duration-ms="48058" started-at="2019-01-11T00:08:03Z" data-provider="inputs" finished-at="2019-01-11T00:08:51Z">
          <params>
            <param index="0">
              <value>
                <![CDATA[MAA]]>
              </value>
            </param>
            <param index="1">
              <value>
                <![CDATA[SEA]]>
              </value>
            </param>
            <param index="2">
              <value>
                <![CDATA[02/10/2019]]>
              </value>
            </param>
            <param index="3">
              <value>
                <![CDATA[06/20/2019]]>
              </value>
            </param>
          </params>
          <reporter-output>
            <line>
              <![CDATA[Expedia website opened]]>
            </line>
            <line>
              <![CDATA[Entered flying from]]>
            </line>
          </reporter-output>
        </test-method> <!-- test -->
        <test-method status="PASS" signature="afterMethod(org.testng.ITestResult)[pri:0, instance:com.expedia.expediaflightssearch.ExpediaSrchPageTestng@1706f19]" name="afterMethod" is-config="true" duration-ms="829" started-at="2019-01-11T00:08:51Z" finished-at="2019-01-11T00:08:52Z">
          <params>
            <param index="0">
              <value>
                <![CDATA[[TestResult name=test status=SUCCESS method=ExpediaSrchPageTestng.test(java.lang.String, java.lang.String, java.lang.String, java.lang.String)[pri:0, instance:com.expedia.expediaflightssearch.ExpediaSrchPageTestng@1706f19] output=Expedia website opened]]]>
              </value>
            </param>
          </params>
          <reporter-output>
          </reporter-output>
        </test-method> <!-- afterMethod -->
        <test-method status="PASS" signature="test(java.lang.String, java.lang.String, java.lang.String, java.lang.String)[pri:0, instance:com.expedia.expediaflightssearch.ExpediaSrchPageTestng@1706f19]" name="test" duration-ms="52271" started-at="2019-01-11T00:08:52Z" data-provider="inputs" finished-at="2019-01-11T00:09:44Z">
          <params>
            <param index="0">
              <value>
                <![CDATA[SEA]]>
              </value>
            </param>
            <param index="1">
              <value>
                <![CDATA[MAA]]>
              </value>
            </param>
            <param index="2">
              <value>
                <![CDATA[03/4/2019]]>
              </value>
            </param>
            <param index="3">
              <value>
                <![CDATA[09/10/2019]]>
              </value>
            </param>
          </params>
          <reporter-output>
            <line>
              <![CDATA[Expedia website opened]]>
            </line>
            <line>
              <![CDATA[Entered flying from]]>
            </line>
          </reporter-output>
        </test-method> <!-- test -->
        <test-method status="PASS" signature="afterMethod(org.testng.ITestResult)[pri:0, instance:com.expedia.expediaflightssearch.ExpediaSrchPageTestng@1706f19]" name="afterMethod" is-config="true" duration-ms="2689" started-at="2019-01-11T00:09:44Z" finished-at="2019-01-11T00:09:47Z">
          <params>
            <param index="0">
              <value>
                <![CDATA[[TestResult name=test status=SUCCESS method=ExpediaSrchPageTestng.test(java.lang.String, java.lang.String, java.lang.String, java.lang.String)[pri:0, instance:com.expedia.expediaflightssearch.ExpediaSrchPageTestng@1706f19] output=Expedia website opened]]]>
              </value>
            </param>
          </params>
          <reporter-output>
          </reporter-output>
        </test-method> <!-- afterMethod -->
        <test-method status="PASS" signature="test(java.lang.String, java.lang.String, java.lang.String, java.lang.String)[pri:0, instance:com.expedia.expediaflightssearch.ExpediaSrchPageTestng@1706f19]" name="test" duration-ms="47882" started-at="2019-01-11T00:09:47Z" data-provider="inputs" finished-at="2019-01-11T00:10:35Z">
          <params>
            <param index="0">
              <value>
                <![CDATA[DEN]]>
              </value>
            </param>
            <param index="1">
              <value>
                <![CDATA[LAX]]>
              </value>
            </param>
            <param index="2">
              <value>
                <![CDATA[06/12/2019]]>
              </value>
            </param>
            <param index="3">
              <value>
                <![CDATA[07/10/2019]]>
              </value>
            </param>
          </params>
          <reporter-output>
            <line>
              <![CDATA[Expedia website opened]]>
            </line>
            <line>
              <![CDATA[Entered flying from]]>
            </line>
          </reporter-output>
        </test-method> <!-- test -->
        <test-method status="PASS" signature="afterMethod(org.testng.ITestResult)[pri:0, instance:com.expedia.expediaflightssearch.ExpediaSrchPageTestng@1706f19]" name="afterMethod" is-config="true" duration-ms="2266" started-at="2019-01-11T00:10:35Z" finished-at="2019-01-11T00:10:37Z">
          <params>
            <param index="0">
              <value>
                <![CDATA[[TestResult name=test status=SUCCESS method=ExpediaSrchPageTestng.test(java.lang.String, java.lang.String, java.lang.String, java.lang.String)[pri:0, instance:com.expedia.expediaflightssearch.ExpediaSrchPageTestng@1706f19] output=Expedia website opened]]]>
              </value>
            </param>
          </params>
          <reporter-output>
          </reporter-output>
        </test-method> <!-- afterMethod -->
        <test-method status="PASS" signature="tearDown()[pri:0, instance:com.expedia.expediaflightssearch.ExpediaSrchPageTestng@1706f19]" name="tearDown" is-config="true" duration-ms="4080" started-at="2019-01-11T00:10:37Z" finished-at="2019-01-11T00:10:41Z">
          <reporter-output>
          </reporter-output>
        </test-method> <!-- tearDown -->
      </class> <!-- com.expedia.expediaflightssearch.ExpediaSrchPageTestng -->
    </test> <!-- Application Test 1 -->
  </suite> <!-- Maven TestSuite -->
</testng-results>
