<?xml version="1.0" encoding="UTF-8"?>
<testsuite xmlns:xsi="http://www.w3.org/2001/XMLSchema-instance" xsi:noNamespaceSchemaLocation="https://maven.apache.org/surefire/maven-surefire-plugin/xsd/surefire-test-report-3.0.xsd" version="3.0" name="TestSuite" time="176.127" tests="3" errors="0" skipped="0" failures="0">
  <properties>
[...]
</properties>
  <testcase name="test" classname="com.expedia.expediaflightssearch.ExpediaSrchPageTestng" time="48.064"/>
  <testcase name="test" classname="com.expedia.expediaflightssearch.ExpediaSrchPageTestng" time="52.272"/>
  <testcase name="test" classname="com.expedia.expediaflightssearch.ExpediaSrchPageTestng" time="47.879"/>
</testsuite>