<?xml version="1.0" encoding="UTF-8"?>
<!-- Generated by org.testng.reporters.JUnitXMLReporter -->
<testsuite hostname="DESKTOP-P9O646S" ignored="7" name="Application Test 2" tests="6" failures="0" timestamp="10 Jan 2019 22:14:36 GMT" time="0.162" errors="0">
  <testcase name="testMethod4" time="0.028" classname="com.expedia.expediaflightssearch.NewTest1"/>
  <testcase name="testMethod5" time="0.0" classname="com.expedia.expediaflightssearch.NewTest1"/>
  <testcase name="testMethod6" time="0.001" classname="com.expedia.expediaflightssearch.NewTest1"/>
  <testcase name="testMethod6" time="0.0" classname="com.expedia.expediaflightssearch.NewTest2"/>
  <testcase name="testMethod7" time="0.001" classname="com.expedia.expediaflightssearch.NewTest2"/>
  <testcase name="testMethod5" time="0.004" classname="com.expedia.expediaflightssearch.NewTest2"/>
  <testcase name="testMethod1" time="0.0" classname="com.expedia.expediaflightssearch.NewTest2">
    <ignored/>
  </testcase> <!-- testMethod1 -->
  <testcase name="testMethod1" time="0.0" classname="com.expedia.expediaflightssearch.NewTest1">
    <ignored/>
  </testcase> <!-- testMethod1 -->
  <testcase name="testMethod4" time="0.0" classname="com.expedia.expediaflightssearch.NewTest2">
    <ignored/>
  </testcase> <!-- testMethod4 -->
  <testcase name="testMethod2" time="0.0" classname="com.expedia.expediaflightssearch.NewTest2">
    <ignored/>
  </testcase> <!-- testMethod2 -->
  <testcase name="testMethod3" time="0.0" classname="com.expedia.expediaflightssearch.NewTest2">
    <ignored/>
  </testcase> <!-- testMethod3 -->
  <testcase name="testMethod2" time="0.0" classname="com.expedia.expediaflightssearch.NewTest1">
    <ignored/>
  </testcase> <!-- testMethod2 -->
  <testcase name="testMethod3" time="0.0" classname="com.expedia.expediaflightssearch.NewTest1">
    <ignored/>
  </testcase> <!-- testMethod3 -->
</testsuite> <!-- Application Test 2 -->
