<?xml version="1.0" encoding="UTF-8"?>
<!-- Generated by org.testng.reporters.JUnitXMLReporter -->
<testsuite hostname="DESKTOP-P9O646S" ignored="5" name="Application Test 1" tests="8" failures="0" timestamp="10 Jan 2019 22:14:49 GMT" time="13.402" errors="0">
  <testcase name="testMethod1" time="3.887" classname="com.expedia.expediaflightssearch.NewTest1"/>
  <testcase name="testMethod3" time="0.0" classname="com.expedia.expediaflightssearch.NewTest1"/>
  <testcase name="testMethod4" time="0.0" classname="com.expedia.expediaflightssearch.NewTest1"/>
  <testcase name="testMethod5" time="0.0" classname="com.expedia.expediaflightssearch.NewTest1"/>
  <testcase name="testMethod6" time="0.0" classname="com.expedia.expediaflightssearch.NewTest2"/>
  <testcase name="testMethod3" time="0.236" classname="com.expedia.expediaflightssearch.NewTest2"/>
  <testcase name="testMethod7" time="0.001" classname="com.expedia.expediaflightssearch.NewTest2"/>
  <testcase name="testMethod5" time="0.0" classname="com.expedia.expediaflightssearch.NewTest2"/>
  <testcase name="testMethod1" time="0.0" classname="com.expedia.expediaflightssearch.NewTest2">
    <ignored/>
  </testcase> <!-- testMethod1 -->
  <testcase name="testMethod6" time="0.0" classname="com.expedia.expediaflightssearch.NewTest1">
    <ignored/>
  </testcase> <!-- testMethod6 -->
  <testcase name="testMethod4" time="0.0" classname="com.expedia.expediaflightssearch.NewTest2">
    <ignored/>
  </testcase> <!-- testMethod4 -->
  <testcase name="testMethod2" time="0.0" classname="com.expedia.expediaflightssearch.NewTest2">
    <ignored/>
  </testcase> <!-- testMethod2 -->
  <testcase name="testMethod2" time="0.0" classname="com.expedia.expediaflightssearch.NewTest1">
    <ignored/>
  </testcase> <!-- testMethod2 -->
</testsuite> <!-- Application Test 1 -->
