<?xml version="1.0" encoding="UTF-8"?>
<!-- Generated by org.testng.reporters.JUnitXMLReporter -->
<testsuite hostname="DESKTOP-P9O646S" ignored="0" name="Application Test 1" tests="3" failures="0" timestamp="11 Jan 2019 00:10:41 GMT" time="170.856" errors="0">
  <testcase name="test" time="48.058" classname="com.expedia.expediaflightssearch.ExpediaSrchPageTestng"/>
  <testcase name="test" time="52.271" classname="com.expedia.expediaflightssearch.ExpediaSrchPageTestng"/>
  <testcase name="test" time="47.882" classname="com.expedia.expediaflightssearch.ExpediaSrchPageTestng"/>
</testsuite> <!-- Application Test 1 -->
