<?xml version="1.0" encoding="UTF-8"?>
<!-- Generated by org.testng.reporters.JUnitXMLReporter -->
<testsuite hostname="DESKTOP-P9O646S" ignored="0" name="Application Test 1" tests="3" failures="0" timestamp="10 Jan 2019 22:29:08 GMT" time="214.142" errors="0">
  <testcase name="test" time="54.395" classname="com.expedia.expediaflightssearch.ExpediaSrchPageTestng"/>
  <testcase name="test" time="79.914" classname="com.expedia.expediaflightssearch.ExpediaSrchPageTestng"/>
  <testcase name="test" time="53.631" classname="com.expedia.expediaflightssearch.ExpediaSrchPageTestng"/>
</testsuite> <!-- Application Test 1 -->
