<?xml version="1.0" encoding="UTF-8"?>
<!-- Generated by org.testng.reporters.JUnitXMLReporter -->
<testsuite hostname="DESKTOP-P9O646S" ignored="5" name="Application Test 2" tests="12" failures="0" timestamp="10 Jan 2019 08:54:52 GMT" time="13.84" errors="0">
  <testcase name="testMethod1" time="2.618" classname="com.expedia.expediaflightssearch.NewTest1"/>
  <testcase name="testMethod2" time="0.0" classname="com.expedia.expediaflightssearch.NewTest1"/>
  <testcase name="testMethod3" time="0.0" classname="com.expedia.expediaflightssearch.NewTest1"/>
  <testcase name="testMethod4" time="0.0" classname="com.expedia.expediaflightssearch.NewTest1"/>
  <testcase name="testMethod5" time="0.001" classname="com.expedia.expediaflightssearch.NewTest1"/>
  <testcase name="testMethod6" time="0.001" classname="com.expedia.expediaflightssearch.NewTest1"/>
  <testcase name="testMethod6" time="0.001" classname="com.expedia.expediaflightssearch.NewTest2"/>
  <testcase name="testMethod2" time="0.0" classname="com.expedia.expediaflightssearch.NewTest2"/>
  <testcase name="testMethod3" time="0.219" classname="com.expedia.expediaflightssearch.NewTest2"/>
  <testcase name="testMethod7" time="0.0" classname="com.expedia.expediaflightssearch.NewTest2"/>
  <testcase name="testMethod5" time="0.0" classname="com.expedia.expediaflightssearch.NewTest2"/>
  <testcase name="testMethod1" time="0.0" classname="com.expedia.expediaflightssearch.NewTest2"/>
  <testcase name="@BeforeTest beforeTest" time="0.0" classname="com.expedia.expediaflightssearch.NewTestBase">
    <ignored/>
  </testcase> <!-- @BeforeTest beforeTest -->
  <testcase name="@AfterTest afterTest" time="0.0" classname="com.expedia.expediaflightssearch.NewTestBase">
    <ignored/>
  </testcase> <!-- @AfterTest afterTest -->
  <testcase name="@BeforeSuite beforeSuite" time="0.0" classname="com.expedia.expediaflightssearch.NewTestBase">
    <ignored/>
  </testcase> <!-- @BeforeSuite beforeSuite -->
  <testcase name="testMethod4" time="0.0" classname="com.expedia.expediaflightssearch.NewTest2">
    <ignored/>
  </testcase> <!-- testMethod4 -->
  <testcase name="@AfterSuite afterSuite" time="0.0" classname="com.expedia.expediaflightssearch.NewTestBase">
    <ignored/>
  </testcase> <!-- @AfterSuite afterSuite -->
</testsuite> <!-- Application Test 2 -->
